\BOOKMARK [0][-]{section*.3}{\376\377\000P\000o\000v\000z\000e\000t\000e\000k}{}% 1
\BOOKMARK [0][-]{section*.5}{\376\377\000A\000b\000s\000t\000r\000a\000c\000t}{}% 2
\BOOKMARK [0][-]{chapter.1}{\376\377\000U\000v\000o\000d}{}% 3
\BOOKMARK [1][-]{section.1.1}{\376\377\000M\000o\000t\000i\000v\000a\000c\000i\000j\000a}{chapter.1}% 4
\BOOKMARK [0][-]{chapter.2}{\376\377\000O\000b\000s\000t\000o\000j\000e\001\015\000e\000\040\000r\000e\001\141\000i\000t\000v\000e}{}% 5
\BOOKMARK [1][-]{section.2.1}{\376\377\000T\000r\000i\000p\000a\000d\000v\000i\000s\000o\000r}{chapter.2}% 6
\BOOKMARK [1][-]{section.2.2}{\376\377\000R\000e\000d\000d\000i\000t}{chapter.2}% 7
\BOOKMARK [1][-]{section.2.3}{\376\377\000W\000o\000o\000v}{chapter.2}% 8
\BOOKMARK [0][-]{chapter.3}{\376\377\000Z\000a\000j\000e\000m\000\040\000z\000a\000h\000t\000e\000v}{}% 9
\BOOKMARK [1][-]{section.3.1}{\376\377\000F\000u\000n\000k\000c\000i\000o\000n\000a\000l\000n\000e\000\040\000z\000a\000h\000t\000e\000v\000e}{chapter.3}% 10
\BOOKMARK [1][-]{section.3.2}{\376\377\000N\000e\000f\000u\000n\000k\000c\000i\000o\000n\000a\000l\000n\000e\000\040\000z\000a\000h\000t\000e\000v\000e}{chapter.3}% 11
\BOOKMARK [1][-]{section.3.3}{\376\377\000D\000i\000a\000g\000r\000a\000m\000\040\000p\000r\000i\000m\000e\000r\000o\000v\000\040\000u\000p\000o\000r\000a\000b\000e}{chapter.3}% 12
\BOOKMARK [0][-]{chapter.4}{\376\377\000N\000a\001\015\000r\000t\000o\000v\000a\000n\000j\000e\000\040\000s\000i\000s\000t\000e\000m\000a}{}% 13
\BOOKMARK [0][-]{chapter.5}{\376\377\000U\000p\000o\000r\000a\000b\000l\000j\000e\000n\000e\000\040\000t\000e\000h\000n\000o\000l\000o\000g\000i\000j\000e\000\040\000i\000n\000\040\000o\000r\000o\000d\000j\000a}{}% 14
\BOOKMARK [1][-]{section.5.1}{\376\377\000N\000u\000x\000t\000.\000j\000s}{chapter.5}% 15
\BOOKMARK [1][-]{section.5.2}{\376\377\000D\000j\000a\000n\000g\000o\000\040\000i\000n\000\040\000D\000R\000F}{chapter.5}% 16
\BOOKMARK [1][-]{section.5.3}{\376\377\000P\000o\000s\000t\000g\000r\000e\000S\000Q\000L}{chapter.5}% 17
\BOOKMARK [1][-]{section.5.4}{\376\377\000P\000u\000s\000h\000e\000r\000\040\000C\000h\000a\000n\000n\000e\000l\000s}{chapter.5}% 18
\BOOKMARK [1][-]{section.5.5}{\376\377\000M\000a\000p\000b\000o\000x}{chapter.5}% 19
\BOOKMARK [1][-]{section.5.6}{\376\377\000D\000o\000c\000k\000e\000r}{chapter.5}% 20
\BOOKMARK [0][-]{chapter.6}{\376\377\000R\000a\000z\000v\000o\000j\000\040\000r\000e\001\141\000i\000t\000v\000e}{}% 21
\BOOKMARK [0][-]{chapter.7}{\376\377\000P\000r\000e\000d\000s\000t\000a\000v\000i\000t\000e\000v\000\040\000a\000p\000l\000i\000k\000a\000c\000i\000j\000e}{}% 22
\BOOKMARK [0][-]{chapter.8}{\376\377\000M\000o\001\176\000n\000e\000\040\000i\000z\000b\000o\000l\000j\001\141\000a\000v\000e}{}% 23
\BOOKMARK [0][-]{chapter.9}{\376\377\000Z\000a\000k\000l\000j\000u\001\015\000e\000k}{}% 24
\BOOKMARK [0][-]{chapter.10}{\376\377\000M\000a\000t\000e\000m\000a\000t\000i\001\015\000n\000o\000\040\000o\000k\000o\000l\000j\000e\000\040\000i\000n\000\040\000s\000k\000l\000i\000c\000e\000v\000a\000n\000j\000e\000\040\000n\000a\000\040\000b\000e\000s\000e\000d\000i\000l\000n\000e\000\040\000k\000o\000n\000s\000t\000r\000u\000k\000t\000e}{}% 25
\BOOKMARK [0][-]{chapter.11}{\376\377\000P\000l\000o\000v\000k\000e\000:\000\040\000s\000l\000i\000k\000e\000\040\000i\000n\000\040\000t\000a\000b\000e\000l\000e}{}% 26
\BOOKMARK [1][-]{section.11.1}{\376\377\000F\000o\000r\000m\000a\000t\000i\000\040\000s\000l\000i\000k}{chapter.11}% 27
\BOOKMARK [1][-]{section.11.2}{\376\377\000P\000o\000d\000n\000a\000p\000i\000s\000i\000\040\000k\000\040\000s\000l\000i\000k\000a\000m\000\040\000i\000n\000\040\000t\000a\000b\000e\000l\000a\000m}{chapter.11}% 28
\BOOKMARK [0][-]{chapter.12}{\376\377\000S\000t\000r\000u\000k\000t\000u\000r\000a\000\040\000s\000t\000r\000o\000k\000o\000v\000n\000i\000h\000\040\000b\000e\000s\000e\000d\000i\000l}{}% 29
\BOOKMARK [0][-]{chapter.13}{\376\377\000P\000o\000g\000o\000s\000t\000e\000\040\000n\000a\000p\000a\000k\000e\000\040\000p\000r\000i\000\040\000p\000i\000s\000a\000n\000j\000u\000\040\000v\000\040\000s\000l\000o\000v\000e\000n\001\141\001\015\000i\000n\000i}{}% 30
\BOOKMARK [0][-]{chapter.14}{\376\377\000K\000o\000r\000i\000s\000t\000n\000i\000\040\000n\000a\000s\000v\000e\000t\000i\000\040\000p\000r\000i\000\040\000p\000i\000s\000a\000n\000j\000u\000\040\000v\000\040\000L\000a\000T\000e\000X\000u}{}% 31
\BOOKMARK [1][-]{section.14.1}{\376\377\000P\000i\000s\000a\000v\000e\000\040\000v\000\040\000L\000a\000T\000e\000X\000u}{chapter.14}% 32
\BOOKMARK [0][-]{chapter.15}{\376\377\000K\000a\000j\000\040\000p\000a\000\040\000l\000i\000t\000e\000r\000a\000t\000u\000r\000a\000?}{}% 33
\BOOKMARK [1][-]{section.15.1}{\376\377\000Z\000b\000i\000r\000a\000n\000j\000e\000\040\000v\000i\000r\000o\000v\000\040\000z\000a\000\040\000s\000e\000z\000n\000a\000m\000\040\000l\000i\000t\000e\000r\000a\000t\000u\000r\000e}{chapter.15}% 34
\BOOKMARK [0][-]{chapter.16}{\376\377\000S\000k\000l\000a\000d\000n\000o\000s\000t\000\040\000s\000\040\000s\000t\000a\000n\000d\000a\000r\000d\000o\000m\000\040\000P\000D\000F\000/\000A}{}% 35
\BOOKMARK [0][-]{chapter.17}{\376\377\000S\000k\000l\000e\000p\000n\000e\000\040\000u\000g\000o\000t\000o\000v\000i\000t\000v\000e}{}% 36
\BOOKMARK [0][-]{chapter*.7}{\376\377\001\014\000l\000a\000n\000k\000i\000\040\000v\000\040\000r\000e\000v\000i\000j\000a\000h}{}% 37
\BOOKMARK [0][-]{chapter*.8}{\376\377\001\014\000l\000a\000n\000k\000i\000\040\000v\000\040\000z\000b\000o\000r\000n\000i\000k\000i\000h}{}% 38
\BOOKMARK [0][-]{chapter*.9}{\376\377\000P\000o\000g\000l\000a\000v\000j\000a\000\040\000v\000\040\000k\000n\000j\000i\000g\000a\000h}{}% 39
\BOOKMARK [0][-]{chapter*.10}{\376\377\000L\000i\000t\000e\000r\000a\000t\000u\000r\000a}{}% 40
